============================= test session starts =============================
platform win32 -- Python 3.13.7, pytest-9.1.1, pluggy-1.6.0 -- C:\Users\ASUS\AppData\Local\Programs\Python\Python313\python.exe
cachedir: .pytest_cache
rootdir: C:\Users\ASUS\OneDrive\Documents\GitHub\reposcore
plugins: anyio-4.14.2
collecting ... collected 22 items

tests/test_model_and_api.py::TestModelLoading::test_rf_model_loads PASSED [  4%]
tests/test_model_and_api.py::TestModelLoading::test_tfidf_readme_loads PASSED [  9%]
tests/test_model_and_api.py::TestModelLoading::test_tfidf_topics_loads PASSED [ 13%]
tests/test_model_and_api.py::TestModelLoading::test_scaler_loads PASSED  [ 18%]
tests/test_model_and_api.py::TestModelPrediction::test_predict_proba_returns_valid_probability PASSED [ 22%]
tests/test_model_and_api.py::TestModelPrediction::test_predict_returns_valid_class PASSED [ 27%]
tests/test_model_and_api.py::TestFastAPIEndpoints::test_health_endpoint PASSED [ 31%]
tests/test_model_and_api.py::TestFastAPIEndpoints::test_submit_job_returns_job_id FAILED [ 36%]
tests/test_model_and_api.py::TestFastAPIEndpoints::test_get_repo_score_endpoint FAILED [ 40%]
tests/test_model_and_api.py::TestFastAPIEndpoints::test_get_job_status_endpoint FAILED [ 45%]
tests/test_model_and_api.py::TestFastAPIEndpoints::test_badge_endpoint FAILED [ 50%]
tests/test_model_and_api.py::TestFastAPIEndpoints::test_shields_badge_endpoint FAILED [ 54%]
tests/test_reposcore_utils.py::test_removes_markdown_image_badge PASSED  [ 59%]
tests/test_reposcore_utils.py::test_removes_linked_badge PASSED          [ 63%]
tests/test_reposcore_utils.py::test_removes_codecov_and_travis_links PASSED [ 68%]
tests/test_reposcore_utils.py::test_preserves_normal_text PASSED         [ 72%]
tests/test_reposcore_utils.py::test_handles_non_string_input PASSED      [ 77%]
tests/test_reposcore_utils.py::test_handles_empty_string PASSED          [ 81%]
tests/test_reposcore_utils.py::test_cli_score_repo_handles_fetch_error PASSED [ 86%]
tests/test_reposcore_utils.py::test_cli_score_repo_respects_threshold PASSED [ 90%]
tests/test_reposcore_utils.py::test_cli_csv_output_has_expected_header PASSED [ 95%]
tests/test_reposcore_utils.py::test_fetch_repo_features_raises_on_readme_rate_limit PASSED [100%]

================================== FAILURES ===================================
_____________ TestFastAPIEndpoints.test_submit_job_returns_job_id _____________

self = <test_model_and_api.TestFastAPIEndpoints object at 0x000001D77DC7DF90>
client = <starlette.testclient.TestClient object at 0x000001D77DC7D810>

    def test_submit_job_returns_job_id(self, client):
        """POST /api/jobs returns 200 with job_id."""
        response = client.post("/api/jobs?owner=testowner&repo=testrepo&threshold=0.3")
    
>       assert response.status_code == 200
E       assert 503 == 200
E        +  where 503 = <Response [503 Service Unavailable]>.status_code

tests\test_model_and_api.py:175: AssertionError
______________ TestFastAPIEndpoints.test_get_repo_score_endpoint ______________

self = <test_model_and_api.TestFastAPIEndpoints object at 0x000001D77DC78050>
client = <starlette.testclient.TestClient object at 0x000001D71BDBB750>

    def test_get_repo_score_endpoint(self, client):
        """GET /api/score/{owner}/{repo} returns 200 with score data."""
        response = client.get("/api/score/testowner/testrepo")
    
>       assert response.status_code == 200
E       assert 404 == 200
E        +  where 404 = <Response [404 Not Found]>.status_code

tests\test_model_and_api.py:187: AssertionError
______________ TestFastAPIEndpoints.test_get_job_status_endpoint ______________

self = <test_model_and_api.TestFastAPIEndpoints object at 0x000001D77DC78D60>
client = <starlette.testclient.TestClient object at 0x000001D71BE25220>

    def test_get_job_status_endpoint(self, client):
        """GET /api/jobs/{job_id} returns 404 for non-existent job."""
        response = client.get("/api/jobs/nonexistent-job-id")
    
>       assert response.status_code == 404
E       assert 503 == 404
E        +  where 503 = <Response [503 Service Unavailable]>.status_code

tests\test_model_and_api.py:199: AssertionError
__________________ TestFastAPIEndpoints.test_badge_endpoint ___________________

self = <test_model_and_api.TestFastAPIEndpoints object at 0x000001D77DC670B0>
client = <starlette.testclient.TestClient object at 0x000001D71C437490>

    def test_badge_endpoint(self, client):
        """GET /api/badge/{owner}/{repo} returns SVG."""
        response = client.get("/api/badge/testowner/testrepo")
    
>       assert response.status_code == 200
E       assert 404 == 200
E        +  where 404 = <Response [404 Not Found]>.status_code

tests\test_model_and_api.py:205: AssertionError
______________ TestFastAPIEndpoints.test_shields_badge_endpoint _______________

self = <test_model_and_api.TestFastAPIEndpoints object at 0x000001D77DC88AF0>
client = <starlette.testclient.TestClient object at 0x000001D71BE5F2F0>

    def test_shields_badge_endpoint(self, client):
        """GET /api/badges/{owner}/{repo} returns badge URL."""
        response = client.get("/api/badges/testowner/testrepo")
    
>       assert response.status_code == 200
E       assert 404 == 200
E        +  where 404 = <Response [404 Not Found]>.status_code

tests\test_model_and_api.py:213: AssertionError
============================== warnings summary ===============================
..\..\..\..\AppData\Local\Programs\Python\Python313\Lib\site-packages\joblib\numpy_pickle.py:207: 806 warnings
tests/test_model_and_api.py: 2418 warnings
  C:\Users\ASUS\AppData\Local\Programs\Python\Python313\Lib\site-packages\joblib\numpy_pickle.py:207: DeprecationWarning: Setting the shape on a NumPy array has been deprecated in NumPy 2.5.
  As an alternative, you can create a new view using np.reshape (with copy=False if needed).
    array.shape = self.shape

tests/test_model_and_api.py::TestFastAPIEndpoints::test_health_endpoint
  C:\Users\ASUS\OneDrive\Documents\GitHub\reposcore\api_server.py:415: DeprecationWarning: 
          on_event is deprecated, use lifespan event handlers instead.
  
          Read more about it in the
          [FastAPI docs for Lifespan Events](https://fastapi.tiangolo.com/advanced/events/).
          
    @app.on_event("startup")

tests/test_model_and_api.py::TestFastAPIEndpoints::test_health_endpoint
tests/test_model_and_api.py::TestFastAPIEndpoints::test_health_endpoint
  C:\Users\ASUS\AppData\Local\Programs\Python\Python313\Lib\site-packages\fastapi\applications.py:4681: DeprecationWarning: 
          on_event is deprecated, use lifespan event handlers instead.
  
          Read more about it in the
          [FastAPI docs for Lifespan Events](https://fastapi.tiangolo.com/advanced/events/).
          
    return self.router.on_event(event_type)  # ty: ignore[deprecated]

tests/test_model_and_api.py::TestFastAPIEndpoints::test_health_endpoint
  C:\Users\ASUS\OneDrive\Documents\GitHub\reposcore\api_server.py:427: DeprecationWarning: 
          on_event is deprecated, use lifespan event handlers instead.
  
          Read more about it in the
          [FastAPI docs for Lifespan Events](https://fastapi.tiangolo.com/advanced/events/).
          
    @app.on_event("shutdown")

tests/test_model_and_api.py::TestFastAPIEndpoints::test_health_endpoint
  C:\Users\ASUS\OneDrive\Documents\GitHub\reposcore\api_server.py:83: DeprecationWarning: datetime.datetime.utcnow() is deprecated and scheduled for removal in a future version. Use timezone-aware objects to represent datetimes in UTC: datetime.datetime.now(datetime.UTC).
    return {"status": "healthy", "timestamp": datetime.utcnow().isoformat()}

tests/test_model_and_api.py::TestFastAPIEndpoints::test_submit_job_returns_job_id
  C:\Users\ASUS\OneDrive\Documents\GitHub\reposcore\api_server.py:100: DeprecationWarning: datetime.datetime.utcnow() is deprecated and scheduled for removal in a future version. Use timezone-aware objects to represent datetimes in UTC: datetime.datetime.now(datetime.UTC).
    "status": "queued", "created_at": datetime.utcnow().isoformat()

-- Docs: https://docs.pytest.org/en/stable/how-to/capture-warnings.html
=========================== short test summary info ===========================
FAILED tests/test_model_and_api.py::TestFastAPIEndpoints::test_submit_job_returns_job_id
FAILED tests/test_model_and_api.py::TestFastAPIEndpoints::test_get_repo_score_endpoint
FAILED tests/test_model_and_api.py::TestFastAPIEndpoints::test_get_job_status_endpoint
FAILED tests/test_model_and_api.py::TestFastAPIEndpoints::test_badge_endpoint
FAILED tests/test_model_and_api.py::TestFastAPIEndpoints::test_shields_badge_endpoint
=========== 5 failed, 17 passed, 3230 warnings in 117.48s (0:01:57) ===========
